<?xml version="1.0" encoding="UTF-8"?>
<!-- Generated by org.testng.reporters.JUnitReportReporter -->
<testsuite hostname="DESKTOP-NLM9CQ8" failures="0" tests="1" name="com.cura.testcases.scenario_001" time="12.396" errors="0" timestamp="2023-01-01T11:31:16 IST" skipped="0">
  <testcase classname="com.cura.testcases.scenario_001" name="startpageAndlogin" time="12.396"/>
  <system-out/>
</testsuite> <!-- com.cura.testcases.scenario_001 -->
